<?xml version="1.0" encoding="UTF-8"?>
<testsuite name="com.galaxy4276spring.web.domain.posts.PostRepositoryTest" tests="1" skipped="0" failures="0" errors="0" timestamp="2020-11-27T10:24:26" hostname="DESKTOP-NALG762" time="0.562">
  <properties/>
  <testcase name="postSaveAndLoad" classname="com.galaxy4276spring.web.domain.posts.PostRepositoryTest" time="0.562"/>
  <system-out><![CDATA[19:24:20.682 [Test worker] DEBUG org.springframework.test.context.junit4.SpringJUnit4ClassRunner - SpringJUnit4ClassRunner constructor called with [class com.galaxy4276spring.web.domain.posts.PostRepositoryTest]
19:24:20.690 [Test worker] DEBUG org.springframework.test.context.BootstrapUtils - Instantiating CacheAwareContextLoaderDelegate from class [org.springframework.test.context.cache.DefaultCacheAwareContextLoaderDelegate]
19:24:20.706 [Test worker] DEBUG org.springframework.test.context.BootstrapUtils - Instantiating BootstrapContext using constructor [public org.springframework.test.context.support.DefaultBootstrapContext(java.lang.Class,org.springframework.test.context.CacheAwareContextLoaderDelegate)]
19:24:20.734 [Test worker] DEBUG org.springframework.test.context.BootstrapUtils - Instantiating TestContextBootstrapper for test class [com.galaxy4276spring.web.domain.posts.PostRepositoryTest] from class [org.springframework.boot.test.context.SpringBootTestContextBootstrapper]
19:24:20.758 [Test worker] INFO org.springframework.boot.test.context.SpringBootTestContextBootstrapper - Neither @ContextConfiguration nor @ContextHierarchy found for test class [com.galaxy4276spring.web.domain.posts.PostRepositoryTest], using SpringBootContextLoader
19:24:20.762 [Test worker] DEBUG org.springframework.test.context.support.AbstractContextLoader - Did not detect default resource location for test class [com.galaxy4276spring.web.domain.posts.PostRepositoryTest]: class path resource [com/galaxy4276spring/web/domain/posts/PostRepositoryTest-context.xml] does not exist
19:24:20.762 [Test worker] DEBUG org.springframework.test.context.support.AbstractContextLoader - Did not detect default resource location for test class [com.galaxy4276spring.web.domain.posts.PostRepositoryTest]: class path resource [com/galaxy4276spring/web/domain/posts/PostRepositoryTestContext.groovy] does not exist
19:24:20.762 [Test worker] INFO org.springframework.test.context.support.AbstractContextLoader - Could not detect default resource locations for test class [com.galaxy4276spring.web.domain.posts.PostRepositoryTest]: no resource found for suffixes {-context.xml, Context.groovy}.
19:24:20.766 [Test worker] INFO org.springframework.test.context.support.AnnotationConfigContextLoaderUtils - Could not detect default configuration classes for test class [com.galaxy4276spring.web.domain.posts.PostRepositoryTest]: PostRepositoryTest does not declare any static, non-private, non-final, nested classes annotated with @Configuration.
19:24:20.818 [Test worker] DEBUG org.springframework.test.context.support.ActiveProfilesUtils - Could not find an 'annotation declaring class' for annotation type [org.springframework.test.context.ActiveProfiles] and class [com.galaxy4276spring.web.domain.posts.PostRepositoryTest]
19:24:20.957 [Test worker] DEBUG org.springframework.context.annotation.ClassPathScanningCandidateComponentProvider - Identified candidate component class: file [R:\SpringBoot\build\classes\java\main\com\galaxy4276spring\Application.class]
19:24:20.961 [Test worker] INFO org.springframework.boot.test.context.SpringBootTestContextBootstrapper - Found @SpringBootConfiguration com.galaxy4276spring.Application for test class com.galaxy4276spring.web.domain.posts.PostRepositoryTest
19:24:21.054 [Test worker] DEBUG org.springframework.boot.test.context.SpringBootTestContextBootstrapper - @TestExecutionListeners is not present for class [com.galaxy4276spring.web.domain.posts.PostRepositoryTest]: using defaults.
19:24:21.054 [Test worker] INFO org.springframework.boot.test.context.SpringBootTestContextBootstrapper - Loaded default TestExecutionListener class names from location [META-INF/spring.factories]: [org.springframework.boot.test.autoconfigure.restdocs.RestDocsTestExecutionListener, org.springframework.boot.test.autoconfigure.web.client.MockRestServiceServerResetTestExecutionListener, org.springframework.boot.test.autoconfigure.web.servlet.MockMvcPrintOnlyOnFailureTestExecutionListener, org.springframework.boot.test.autoconfigure.web.servlet.WebDriverTestExecutionListener, org.springframework.boot.test.mock.mockito.MockitoTestExecutionListener, org.springframework.boot.test.mock.mockito.ResetMocksTestExecutionListener, org.springframework.test.context.web.ServletTestExecutionListener, org.springframework.test.context.support.DirtiesContextBeforeModesTestExecutionListener, org.springframework.test.context.support.DependencyInjectionTestExecutionListener, org.springframework.test.context.support.DirtiesContextTestExecutionListener, org.springframework.test.context.transaction.TransactionalTestExecutionListener, org.springframework.test.context.jdbc.SqlScriptsTestExecutionListener]
19:24:21.074 [Test worker] INFO org.springframework.boot.test.context.SpringBootTestContextBootstrapper - Using TestExecutionListeners: [org.springframework.test.context.web.ServletTestExecutionListener@1bb5c3bf, org.springframework.test.context.support.DirtiesContextBeforeModesTestExecutionListener@4442ee84, org.springframework.boot.test.mock.mockito.MockitoTestExecutionListener@481406d0, org.springframework.boot.test.autoconfigure.SpringBootDependencyInjectionTestExecutionListener@2a688463, org.springframework.test.context.support.DirtiesContextTestExecutionListener@1ff502aa, org.springframework.test.context.transaction.TransactionalTestExecutionListener@4c90e91e, org.springframework.test.context.jdbc.SqlScriptsTestExecutionListener@24da54da, org.springframework.boot.test.autoconfigure.restdocs.RestDocsTestExecutionListener@4a7f97be, org.springframework.boot.test.autoconfigure.web.client.MockRestServiceServerResetTestExecutionListener@7da82c09, org.springframework.boot.test.autoconfigure.web.servlet.MockMvcPrintOnlyOnFailureTestExecutionListener@363be2bb, org.springframework.boot.test.autoconfigure.web.servlet.WebDriverTestExecutionListener@40311c22, org.springframework.boot.test.mock.mockito.ResetMocksTestExecutionListener@7645b1fd]
19:24:21.078 [Test worker] DEBUG org.springframework.test.annotation.ProfileValueUtils - Retrieved @ProfileValueSourceConfiguration [null] for test class [com.galaxy4276spring.web.domain.posts.PostRepositoryTest]
19:24:21.078 [Test worker] DEBUG org.springframework.test.annotation.ProfileValueUtils - Retrieved ProfileValueSource type [class org.springframework.test.annotation.SystemProfileValueSource] for class [com.galaxy4276spring.web.domain.posts.PostRepositoryTest]
19:24:21.082 [Test worker] DEBUG org.springframework.test.annotation.ProfileValueUtils - Retrieved @ProfileValueSourceConfiguration [null] for test class [com.galaxy4276spring.web.domain.posts.PostRepositoryTest]
19:24:21.082 [Test worker] DEBUG org.springframework.test.annotation.ProfileValueUtils - Retrieved ProfileValueSource type [class org.springframework.test.annotation.SystemProfileValueSource] for class [com.galaxy4276spring.web.domain.posts.PostRepositoryTest]
19:24:21.082 [Test worker] DEBUG org.springframework.test.annotation.ProfileValueUtils - Retrieved @ProfileValueSourceConfiguration [null] for test class [com.galaxy4276spring.web.domain.posts.PostRepositoryTest]
19:24:21.082 [Test worker] DEBUG org.springframework.test.annotation.ProfileValueUtils - Retrieved ProfileValueSource type [class org.springframework.test.annotation.SystemProfileValueSource] for class [com.galaxy4276spring.web.domain.posts.PostRepositoryTest]
19:24:21.086 [Test worker] DEBUG org.springframework.test.context.support.AbstractDirtiesContextTestExecutionListener - Before test class: context [DefaultTestContext@3a39d477 testClass = PostRepositoryTest, testInstance = [null], testMethod = [null], testException = [null], mergedContextConfiguration = [WebMergedContextConfiguration@c31131 testClass = PostRepositoryTest, locations = '{}', classes = '{class com.galaxy4276spring.Application}', contextInitializerClasses = '[]', activeProfiles = '{}', propertySourceLocations = '{}', propertySourceProperties = '{org.springframework.boot.test.context.SpringBootTestContextBootstrapper=true}', contextCustomizers = set[org.springframework.boot.test.autoconfigure.properties.PropertyMappingContextCustomizer@0, org.springframework.boot.test.autoconfigure.web.servlet.WebDriverContextCustomizerFactory$Customizer@330aa5cd, org.springframework.boot.test.context.filter.ExcludeFilterContextCustomizer@5557baab, org.springframework.boot.test.json.DuplicateJsonObjectContextCustomizerFactory$DuplicateJsonObjectContextCustomizer@61ac5178, org.springframework.boot.test.mock.mockito.MockitoContextCustomizer@0, org.springframework.boot.test.web.client.TestRestTemplateContextCustomizer@47b5fab8], resourceBasePath = 'src/main/webapp', contextLoader = 'org.springframework.boot.test.context.SpringBootContextLoader', parent = [null]], attributes = map['org.springframework.test.context.web.ServletTestExecutionListener.activateListener' -> true]], class annotated with @DirtiesContext [false] with mode [null].
19:24:21.086 [Test worker] DEBUG org.springframework.test.annotation.ProfileValueUtils - Retrieved @ProfileValueSourceConfiguration [null] for test class [com.galaxy4276spring.web.domain.posts.PostRepositoryTest]
19:24:21.086 [Test worker] DEBUG org.springframework.test.annotation.ProfileValueUtils - Retrieved ProfileValueSource type [class org.springframework.test.annotation.SystemProfileValueSource] for class [com.galaxy4276spring.web.domain.posts.PostRepositoryTest]
19:24:21.106 [Test worker] DEBUG org.springframework.test.context.support.TestPropertySourceUtils - Adding inlined properties to environment: {spring.jmx.enabled=false, org.springframework.boot.test.context.SpringBootTestContextBootstrapper=true, server.port=-1}

  .   ____          _            __ _ _
 /\\ / ___'_ __ _ _(_)_ __  __ _ \ \ \ \
( ( )\___ | '_ | '_| | '_ \/ _` | \ \ \ \
 \\/  ___)| |_)| | | | | || (_| |  ) ) ) )
  '  |____| .__|_| |_|_| |_\__, | / / / /
 =========|_|==============|___/=/_/_/_/
 :: Spring Boot ::        (v2.1.9.RELEASE)

2020-11-27 19:24:21.410  INFO 14436 --- [    Test worker] c.g.web.domain.posts.PostRepositoryTest  : Starting PostRepositoryTest on DESKTOP-NALG762 with PID 14436 (started by nabe8 in R:\SpringBoot)
2020-11-27 19:24:21.410  INFO 14436 --- [    Test worker] c.g.web.domain.posts.PostRepositoryTest  : No active profile set, falling back to default profiles: default
2020-11-27 19:24:22.228  INFO 14436 --- [    Test worker] .s.d.r.c.RepositoryConfigurationDelegate : Bootstrapping Spring Data repositories in DEFAULT mode.
2020-11-27 19:24:22.347  INFO 14436 --- [    Test worker] .s.d.r.c.RepositoryConfigurationDelegate : Finished Spring Data repository scanning in 107ms. Found 1 repository interfaces.
2020-11-27 19:24:22.842  INFO 14436 --- [    Test worker] trationDelegate$BeanPostProcessorChecker : Bean 'org.springframework.transaction.annotation.ProxyTransactionManagementConfiguration' of type [org.springframework.transaction.annotation.ProxyTransactionManagementConfiguration$$EnhancerBySpringCGLIB$$ac0f97cf] is not eligible for getting processed by all BeanPostProcessors (for example: not eligible for auto-proxying)
2020-11-27 19:24:23.100  INFO 14436 --- [    Test worker] com.zaxxer.hikari.HikariDataSource       : HikariPool-1 - Starting...
2020-11-27 19:24:23.360  INFO 14436 --- [    Test worker] com.zaxxer.hikari.HikariDataSource       : HikariPool-1 - Start completed.
2020-11-27 19:24:23.454  INFO 14436 --- [    Test worker] o.hibernate.jpa.internal.util.LogHelper  : HHH000204: Processing PersistenceUnitInfo [
	name: default
	...]
2020-11-27 19:24:23.534  INFO 14436 --- [    Test worker] org.hibernate.Version                    : HHH000412: Hibernate Core {5.3.12.Final}
2020-11-27 19:24:23.534  INFO 14436 --- [    Test worker] org.hibernate.cfg.Environment            : HHH000206: hibernate.properties not found
2020-11-27 19:24:23.710  INFO 14436 --- [    Test worker] o.hibernate.annotations.common.Version   : HCANN000001: Hibernate Commons Annotations {5.0.4.Final}
2020-11-27 19:24:23.887  INFO 14436 --- [    Test worker] org.hibernate.dialect.Dialect            : HHH000400: Using dialect: org.hibernate.dialect.MySQL5InnoDBDialect
Hibernate: drop table if exists posts
Hibernate: create table posts (id bigint not null auto_increment, author varchar(255), content TEXT not null, title varchar(500) not null, primary key (id)) engine=InnoDB
2020-11-27 19:24:24.598  INFO 14436 --- [    Test worker] o.h.t.schema.internal.SchemaCreatorImpl  : HHH000476: Executing import script 'org.hibernate.tool.schema.internal.exec.ScriptSourceInputNonExistentImpl@39e33570'
2020-11-27 19:24:24.602  INFO 14436 --- [    Test worker] j.LocalContainerEntityManagerFactoryBean : Initialized JPA EntityManagerFactory for persistence unit 'default'
2020-11-27 19:24:25.809  INFO 14436 --- [    Test worker] o.s.s.concurrent.ThreadPoolTaskExecutor  : Initializing ExecutorService 'applicationTaskExecutor'
2020-11-27 19:24:25.928  WARN 14436 --- [    Test worker] aWebConfiguration$JpaWebMvcConfiguration : spring.jpa.open-in-view is enabled by default. Therefore, database queries may be performed during view rendering. Explicitly configure spring.jpa.open-in-view to disable this warning
2020-11-27 19:24:26.432  INFO 14436 --- [    Test worker] c.g.web.domain.posts.PostRepositoryTest  : Started PostRepositoryTest in 5.318 seconds (JVM running for 8.145)
Hibernate: insert into posts (author, content, title) values (?, ?, ?)
2020-11-27 19:24:26.782  INFO 14436 --- [    Test worker] o.h.h.i.QueryTranslatorFactoryInitiator  : HHH000397: Using ASTQueryTranslatorFactory
Hibernate: select posts0_.id as id1_0_, posts0_.author as author2_0_, posts0_.content as content3_0_, posts0_.title as title4_0_ from posts posts0_
Hibernate: select posts0_.id as id1_0_, posts0_.author as author2_0_, posts0_.content as content3_0_, posts0_.title as title4_0_ from posts posts0_
Hibernate: delete from posts where id=?
]]></system-out>
  <system-err><![CDATA[]]></system-err>
</testsuite>
